info: This is super secret - hide it. {"private":true,"timestamp":"2019-05-10T05:08:12.287Z"}info: This is super secret - hide it. {"private":true,"timestamp":"2019-05-10T05:10:35.483Z"}
info: This is super secret - hide it. {"private":true,"timestamp":"2019-05-10T05:10:40.154Z"}
info: This is super secret - hide it. {"private":true,"timestamp":"2019-05-10T05:10:40.160Z"}
info: This is super secret - hide it. {"private":true,"timestamp":"2019-05-10T05:10:41.196Z"}
info: This is super secret - hide it. {"private":true,"timestamp":"2019-05-10T05:10:42.202Z"}
info: This is super secret - hide it. {"private":true,"timestamp":"2019-05-10T05:10:42.204Z"}
[32minfo[39m: [32mGet request for genre[39m
info: Get request for genre
error: ex
error: Hello, winston!
error: Hello, winston!
error: Hello, winston!
error: Hello, winston!
error: Hello, winston!
error: Hello, winston!
error: Hello, winston!
error: Promise.reject is not a constructor
error: Something failed
{"level":"error","message":"Something failed"}
{"level":"error","message":"Something failed"}
{"level":"error"}
{"level":"error","message":"Hello, winston!"}
{"level":"error"}
{"level":"error"}
{"level":"error"}
{"level":"error"}
{"level":"error"}
{"level":"error"}
{"level":"error"}
undefined
undefined
undefined
undefined
{"0":"E","1":"r","2":"r","3":"o","4":"r","5":":","6":" ","7":"H","8":"e","9":"l","10":"l","11":"o","12":",","13":" ","14":"w","15":"i","16":"n","17":"s","18":"t","19":"o","20":"n","21":"!","22":"\n","23":" ","24":" ","25":" ","26":" ","27":"a","28":"t","29":" ","30":"O","31":"b","32":"j","33":"e","34":"c","35":"t","36":".","37":"<","38":"a","39":"n","40":"o","41":"n","42":"y","43":"m","44":"o","45":"u","46":"s","47":">","48":" ","49":"(","50":"E","51":":","52":"\\","53":"N","54":"o","55":"d","56":"e","57":"W","58":"o","59":"r","60":"k","61":"s","62":"p","63":"a","64":"c","65":"e","66":"\\","67":"m","68":"y","69":"-","70":"a","71":"p","72":"p","73":"-","74":"v","75":"i","76":"d","77":"\\","78":"i","79":"n","80":"d","81":"e","82":"x","83":".","84":"j","85":"s","86":":","87":"2","88":"7","89":":","90":"7","91":")","92":"\n","93":" ","94":" ","95":" ","96":" ","97":"a","98":"t","99":" ","100":"M","101":"o","102":"d","103":"u","104":"l","105":"e","106":".","107":"_","108":"c","109":"o","110":"m","111":"p","112":"i","113":"l","114":"e","115":" ","116":"(","117":"m","118":"o","119":"d","120":"u","121":"l","122":"e","123":".","124":"j","125":"s","126":":","127":"6","128":"5","129":"3","130":":","131":"3","132":"0","133":")","134":"\n","135":" ","136":" ","137":" ","138":" ","139":"a","140":"t","141":" ","142":"O","143":"b","144":"j","145":"e","146":"c","147":"t","148":".","149":"M","150":"o","151":"d","152":"u","153":"l","154":"e","155":".","156":"_","157":"e","158":"x","159":"t","160":"e","161":"n","162":"s","163":"i","164":"o","165":"n","166":"s","167":".","168":".","169":"j","170":"s","171":" ","172":"(","173":"m","174":"o","175":"d","176":"u","177":"l","178":"e","179":".","180":"j","181":"s","182":":","183":"6","184":"6","185":"4","186":":","187":"1","188":"0","189":")","190":"\n","191":" ","192":" ","193":" ","194":" ","195":"a","196":"t","197":" ","198":"M","199":"o","200":"d","201":"u","202":"l","203":"e","204":".","205":"l","206":"o","207":"a","208":"d","209":" ","210":"(","211":"m","212":"o","213":"d","214":"u","215":"l","216":"e","217":".","218":"j","219":"s","220":":","221":"5","222":"6","223":"6","224":":","225":"3","226":"2","227":")","228":"\n","229":" ","230":" ","231":" ","232":" ","233":"a","234":"t","235":" ","236":"t","237":"r","238":"y","239":"M","240":"o","241":"d","242":"u","243":"l","244":"e","245":"L","246":"o","247":"a","248":"d","249":" ","250":"(","251":"m","252":"o","253":"d","254":"u","255":"l","256":"e","257":".","258":"j","259":"s","260":":","261":"5","262":"0","263":"6","264":":","265":"1","266":"2","267":")","268":"\n","269":" ","270":" ","271":" ","272":" ","273":"a","274":"t","275":" ","276":"F","277":"u","278":"n","279":"c","280":"t","281":"i","282":"o","283":"n","284":".","285":"M","286":"o","287":"d","288":"u","289":"l","290":"e","291":".","292":"_","293":"l","294":"o","295":"a","296":"d","297":" ","298":"(","299":"m","300":"o","301":"d","302":"u","303":"l","304":"e","305":".","306":"j","307":"s","308":":","309":"4","310":"9","311":"8","312":":","313":"3","314":")","315":"\n","316":" ","317":" ","318":" ","319":" ","320":"a","321":"t","322":" ","323":"F","324":"u","325":"n","326":"c","327":"t","328":"i","329":"o","330":"n","331":".","332":"M","333":"o","334":"d","335":"u","336":"l","337":"e","338":".","339":"r","340":"u","341":"n","342":"M","343":"a","344":"i","345":"n","346":" ","347":"(","348":"m","349":"o","350":"d","351":"u","352":"l","353":"e","354":".","355":"j","356":"s","357":":","358":"6","359":"9","360":"4","361":":","362":"1","363":"0","364":")","365":"\n","366":" ","367":" ","368":" ","369":" ","370":"a","371":"t","372":" ","373":"s","374":"t","375":"a","376":"r","377":"t","378":"u","379":"p","380":" ","381":"(","382":"b","383":"o","384":"o","385":"t","386":"s","387":"t","388":"r","389":"a","390":"p","391":"_","392":"n","393":"o","394":"d","395":"e","396":".","397":"j","398":"s","399":":","400":"2","401":"0","402":"4","403":":","404":"1","405":"6","406":")","407":"\n","408":" ","409":" ","410":" ","411":" ","412":"a","413":"t","414":" ","415":"b","416":"o","417":"o","418":"t","419":"s","420":"t","421":"r","422":"a","423":"p","424":"_","425":"n","426":"o","427":"d","428":"e","429":".","430":"j","431":"s","432":":","433":"6","434":"2","435":"5","436":":","437":"3","level":"info","message":"error"}
{"level":"error"}
{"message":"Hello, winston!","level":"error"}
{"message":"Error: Hello, winston!\n    at Object.<anonymous> (E:\\NodeWorkspace\\my-app-vid\\index.js:27:7)\n    at Module._compile (module.js:653:30)\n    at Object.Module._extensions..js (module.js:664:10)\n    at Module.load (module.js:566:32)\n    at tryModuleLoad (module.js:506:12)\n    at Function.Module._load (module.js:498:3)\n    at Function.Module.runMain (module.js:694:10)\n    at startup (bootstrap_node.js:204:16)\n    at bootstrap_node.js:625:3","level":"error"}
{"message":"Error: Something failed\n    at Object.<anonymous> (E:\\NodeWorkspace\\my-app-vid\\index.js:37:27)\n    at Module._compile (module.js:653:30)\n    at Object.Module._extensions..js (module.js:664:10)\n    at Module.load (module.js:566:32)\n    at tryModuleLoad (module.js:506:12)\n    at Function.Module._load (module.js:498:3)\n    at Function.Module.runMain (module.js:694:10)\n    at startup (bootstrap_node.js:204:16)\n    at bootstrap_node.js:625:3","level":"error"}
{"message":"Error: Something failed\n    at Object.<anonymous> (E:\\NodeWorkspace\\my-app-vid\\index.js:37:27)\n    at Module._compile (module.js:653:30)\n    at Object.Module._extensions..js (module.js:664:10)\n    at Module.load (module.js:566:32)\n    at tryModuleLoad (module.js:506:12)\n    at Function.Module._load (module.js:498:3)\n    at Function.Module.runMain (module.js:694:10)\n    at startup (bootstrap_node.js:204:16)\n    at bootstrap_node.js:625:3","level":"error"}
{"message":"Error: Something failed\n    at Object.<anonymous> (E:\\NodeWorkspace\\my-app-vid\\index.js:37:27)\n    at Module._compile (module.js:653:30)\n    at Object.Module._extensions..js (module.js:664:10)\n    at Module.load (module.js:566:32)\n    at tryModuleLoad (module.js:506:12)\n    at Function.Module._load (module.js:498:3)\n    at Function.Module.runMain (module.js:694:10)\n    at startup (bootstrap_node.js:204:16)\n    at bootstrap_node.js:625:3","level":"error"}
{"message":"TypeError: \"callback\" argument must be a function\n    at setTimeout (timers.js:450:11)\n    at process.on (E:\\NodeWorkspace\\my-app-vid\\index.js:25:5)\n    at emitTwo (events.js:126:13)\n    at process.emit (events.js:214:7)\n    at emitPendingUnhandledRejections (internal/process/promises.js:108:22)\n    at runMicrotasksCallback (internal/process/next_tick.js:125:9)\n    at _combinedTickCallback (internal/process/next_tick.js:132:7)\n    at process._tickCallback (internal/process/next_tick.js:181:9)\n    at Function.Module.runMain (module.js:696:11)\n    at startup (bootstrap_node.js:204:16)\n    at bootstrap_node.js:625:3","level":"error"}
{"message":"Error: Something failed\n    at Object.<anonymous> (E:\\NodeWorkspace\\my-app-vid\\index.js:37:27)\n    at Module._compile (module.js:653:30)\n    at Object.Module._extensions..js (module.js:664:10)\n    at Module.load (module.js:566:32)\n    at tryModuleLoad (module.js:506:12)\n    at Function.Module._load (module.js:498:3)\n    at Function.Module.runMain (module.js:694:10)\n    at startup (bootstrap_node.js:204:16)\n    at bootstrap_node.js:625:3","level":"error"}
{"message":"TypeError: \"callback\" argument must be a function\n    at setTimeout (timers.js:450:11)\n    at process.on (E:\\NodeWorkspace\\my-app-vid\\index.js:25:5)\n    at emitTwo (events.js:126:13)\n    at process.emit (events.js:214:7)\n    at emitPendingUnhandledRejections (internal/process/promises.js:108:22)\n    at runMicrotasksCallback (internal/process/next_tick.js:125:9)\n    at _combinedTickCallback (internal/process/next_tick.js:132:7)\n    at process._tickCallback (internal/process/next_tick.js:181:9)\n    at Function.Module.runMain (module.js:696:11)\n    at startup (bootstrap_node.js:204:16)\n    at bootstrap_node.js:625:3","level":"error"}
{"message":"Error: Something failed\n    at Object.<anonymous> (E:\\NodeWorkspace\\my-app-vid\\index.js:37:27)\n    at Module._compile (module.js:653:30)\n    at Object.Module._extensions..js (module.js:664:10)\n    at Module.load (module.js:566:32)\n    at tryModuleLoad (module.js:506:12)\n    at Function.Module._load (module.js:498:3)\n    at Function.Module.runMain (module.js:694:10)\n    at startup (bootstrap_node.js:204:16)\n    at bootstrap_node.js:625:3","level":"error"}
{"message":"TypeError: \"callback\" argument must be a function\n    at setTimeout (timers.js:450:11)\n    at process.on (E:\\NodeWorkspace\\my-app-vid\\index.js:25:5)\n    at emitTwo (events.js:126:13)\n    at process.emit (events.js:214:7)\n    at emitPendingUnhandledRejections (internal/process/promises.js:108:22)\n    at runMicrotasksCallback (internal/process/next_tick.js:125:9)\n    at _combinedTickCallback (internal/process/next_tick.js:132:7)\n    at process._tickCallback (internal/process/next_tick.js:181:9)\n    at Function.Module.runMain (module.js:696:11)\n    at startup (bootstrap_node.js:204:16)\n    at bootstrap_node.js:625:3","level":"error"}
{"level":"error"}
{"message":"TypeError: process.on(...).then is not a function\n    at Object.<anonymous> (E:\\NodeWorkspace\\my-app-vid\\index.js:25:4)\n    at Module._compile (module.js:653:30)\n    at Object.Module._extensions..js (module.js:664:10)\n    at Module.load (module.js:566:32)\n    at tryModuleLoad (module.js:506:12)\n    at Function.Module._load (module.js:498:3)\n    at Function.Module.runMain (module.js:694:10)\n    at startup (bootstrap_node.js:204:16)\n    at bootstrap_node.js:625:3","level":"error"}
{"level":"error"}
{"message":"Error: Something failed\n    at Object.<anonymous> (E:\\NodeWorkspace\\my-app-vid\\index.js:40:26)\n    at Module._compile (module.js:653:30)\n    at Object.Module._extensions..js (module.js:664:10)\n    at Module.load (module.js:566:32)\n    at tryModuleLoad (module.js:506:12)\n    at Function.Module._load (module.js:498:3)\n    at Function.Module.runMain (module.js:694:10)\n    at startup (bootstrap_node.js:204:16)\n    at bootstrap_node.js:625:3","level":"error"}
{"message":"Error: Something failed\n    at Object.<anonymous> (E:\\NodeWorkspace\\my-app-vid\\index.js:42:26)\n    at Module._compile (module.js:653:30)\n    at Object.Module._extensions..js (module.js:664:10)\n    at Module.load (module.js:566:32)\n    at tryModuleLoad (module.js:506:12)\n    at Function.Module._load (module.js:498:3)\n    at Function.Module.runMain (module.js:694:10)\n    at startup (bootstrap_node.js:204:16)\n    at bootstrap_node.js:625:3","level":"error"}
{"message":"TypeError: logger.error(...).then is not a function\n    at process.on (E:\\NodeWorkspace\\my-app-vid\\index.js:24:28)\n    at emitTwo (events.js:126:13)\n    at process.emit (events.js:214:7)\n    at emitPendingUnhandledRejections (internal/process/promises.js:108:22)\n    at runMicrotasksCallback (internal/process/next_tick.js:125:9)\n    at _combinedTickCallback (internal/process/next_tick.js:132:7)\n    at process._tickCallback (internal/process/next_tick.js:181:9)\n    at Function.Module.runMain (module.js:696:11)\n    at startup (bootstrap_node.js:204:16)\n    at bootstrap_node.js:625:3","level":"error"}
{"message":"Error: Something failed\n    at Object.<anonymous> (E:\\NodeWorkspace\\my-app-vid\\index.js:40:26)\n    at Module._compile (module.js:653:30)\n    at Object.Module._extensions..js (module.js:664:10)\n    at Module.load (module.js:566:32)\n    at tryModuleLoad (module.js:506:12)\n    at Function.Module._load (module.js:498:3)\n    at Function.Module.runMain (module.js:694:10)\n    at startup (bootstrap_node.js:204:16)\n    at bootstrap_node.js:625:3","level":"error"}
{"message":"Error: Something failed\n    at Object.<anonymous> (E:\\NodeWorkspace\\my-app-vid\\index.js:45:26)\n    at Module._compile (module.js:653:30)\n    at Object.Module._extensions..js (module.js:664:10)\n    at Module.load (module.js:566:32)\n    at tryModuleLoad (module.js:506:12)\n    at Function.Module._load (module.js:498:3)\n    at Function.Module.runMain (module.js:694:10)\n    at startup (bootstrap_node.js:204:16)\n    at bootstrap_node.js:625:3","level":"error"}
{"message":"Error: Something failed\n    at Object.<anonymous> (E:\\NodeWorkspace\\my-app-vid\\index.js:46:26)\n    at Module._compile (module.js:653:30)\n    at Object.Module._extensions..js (module.js:664:10)\n    at Module.load (module.js:566:32)\n    at tryModuleLoad (module.js:506:12)\n    at Function.Module._load (module.js:498:3)\n    at Function.Module.runMain (module.js:694:10)\n    at startup (bootstrap_node.js:204:16)\n    at bootstrap_node.js:625:3","level":"error"}
{"message":"Error: Something failed\n    at Object.<anonymous> (E:\\NodeWorkspace\\my-app-vid\\index.js:46:26)\n    at Module._compile (module.js:653:30)\n    at Object.Module._extensions..js (module.js:664:10)\n    at Module.load (module.js:566:32)\n    at tryModuleLoad (module.js:506:12)\n    at Function.Module._load (module.js:498:3)\n    at Function.Module.runMain (module.js:694:10)\n    at startup (bootstrap_node.js:204:16)\n    at bootstrap_node.js:625:3","level":"error"}
{"message":"Error: Something failed\n    at Object.<anonymous> (E:\\NodeWorkspace\\my-app-vid\\index.js:46:26)\n    at Module._compile (module.js:653:30)\n    at Object.Module._extensions..js (module.js:664:10)\n    at Module.load (module.js:566:32)\n    at tryModuleLoad (module.js:506:12)\n    at Function.Module._load (module.js:498:3)\n    at Function.Module.runMain (module.js:694:10)\n    at startup (bootstrap_node.js:204:16)\n    at bootstrap_node.js:625:3","level":"error"}
{"message":"Error: Something failed\n    at Object.<anonymous> (E:\\NodeWorkspace\\my-app-vid\\index.js:45:26)\n    at Module._compile (module.js:653:30)\n    at Object.Module._extensions..js (module.js:664:10)\n    at Module.load (module.js:566:32)\n    at tryModuleLoad (module.js:506:12)\n    at Function.Module._load (module.js:498:3)\n    at Function.Module.runMain (module.js:694:10)\n    at startup (bootstrap_node.js:204:16)\n    at bootstrap_node.js:625:3","level":"error"}
{"message":"Error: Something failed\n    at Object.<anonymous> (E:\\NodeWorkspace\\my-app-vid\\index.js:45:26)\n    at Module._compile (module.js:653:30)\n    at Object.Module._extensions..js (module.js:664:10)\n    at Module.load (module.js:566:32)\n    at tryModuleLoad (module.js:506:12)\n    at Function.Module._load (module.js:498:3)\n    at Function.Module.runMain (module.js:694:10)\n    at startup (bootstrap_node.js:204:16)\n    at bootstrap_node.js:625:3","level":"error"}
{"message":"Error: Something failed\n    at Object.<anonymous> (E:\\NodeWorkspace\\my-app-vid\\index.js:41:26)\n    at Module._compile (module.js:653:30)\n    at Object.Module._extensions..js (module.js:664:10)\n    at Module.load (module.js:566:32)\n    at tryModuleLoad (module.js:506:12)\n    at Function.Module._load (module.js:498:3)\n    at Function.Module.runMain (module.js:694:10)\n    at startup (bootstrap_node.js:204:16)\n    at bootstrap_node.js:625:3","level":"error"}
{"message":"Error: Something failed\n    at Object.<anonymous> (E:\\NodeWorkspace\\my-app-vid\\index.js:41:26)\n    at Module._compile (module.js:653:30)\n    at Object.Module._extensions..js (module.js:664:10)\n    at Module.load (module.js:566:32)\n    at tryModuleLoad (module.js:506:12)\n    at Function.Module._load (module.js:498:3)\n    at Function.Module.runMain (module.js:694:10)\n    at startup (bootstrap_node.js:204:16)\n    at bootstrap_node.js:625:3","level":"error"}
{"level":"error"}
{"message":"Error: Hello, winston!\n    at Object.<anonymous> (E:\\NodeWorkspace\\my-app-vid\\index.js:31:7)\n    at Module._compile (module.js:653:30)\n    at Object.Module._extensions..js (module.js:664:10)\n    at Module.load (module.js:566:32)\n    at tryModuleLoad (module.js:506:12)\n    at Function.Module._load (module.js:498:3)\n    at Function.Module.runMain (module.js:694:10)\n    at startup (bootstrap_node.js:204:16)\n    at bootstrap_node.js:625:3","level":"error"}
{"level":"info","message":"Get request for genre"}
{"message":"Connected to database","level":"info"}
{"level":"info","message":"Get request for genre"}
{"message":"Listening on port 3010","level":"info"}
{"message":"Listening on port 3010","level":"info"}
